<?xml version="1.0" encoding="UTF-8"?>
<!-- Generated by org.testng.reporters.JUnitXMLReporter -->
<testsuite hostname="Mohammeds-MBP" ignored="0" name="Default test" tests="5" failures="0" timestamp="2020-09-20T15:44:05 EET" time="78.361" errors="0">
  <testcase name="clickOnSiginBtn" time="2.003" classname="test.TestExecution"/>
  <testcase name="createNewAccountBtn" time="0.469" classname="test.TestExecution"/>
  <testcase name="fillNewUserData" time="7.59" classname="test.TestExecution"/>
  <testcase name="clickOnSignOutBtn" time="2.972" classname="test.TestExecution"/>
  <testcase name="userLogin" time="2.273" classname="test.TestExecution"/>
</testsuite> <!-- Default test -->
