<?xml version="1.0" encoding="UTF-8"?>
<testng-results skipped="0" failed="0" ignored="0" total="5" passed="5">
  <reporter-output>
  </reporter-output>
  <suite name="Default suite" duration-ms="78361" started-at="2020-09-20T15:42:42 EET" finished-at="2020-09-20T15:44:00 EET">
    <groups>
    </groups>
    <test name="Default test" duration-ms="78361" started-at="2020-09-20T15:42:42 EET" finished-at="2020-09-20T15:44:00 EET">
      <class name="test.TestExecution">
        <test-method status="PASS" signature="setupEnviroment()[pri:0, instance:test.TestExecution@1de6932a]" name="setupEnviroment" is-config="true" duration-ms="60407" started-at="2020-09-20T15:42:42 EET" finished-at="2020-09-20T15:43:42 EET">
          <reporter-output>
          </reporter-output>
        </test-method> <!-- setupEnviroment -->
        <test-method status="PASS" signature="clickOnSiginBtn()[pri:1, instance:test.TestExecution@1de6932a]" name="clickOnSiginBtn" duration-ms="2003" started-at="2020-09-20T15:43:42 EET" finished-at="2020-09-20T15:43:44 EET">
          <reporter-output>
          </reporter-output>
        </test-method> <!-- clickOnSiginBtn -->
        <test-method status="PASS" signature="createNewAccountBtn()[pri:2, instance:test.TestExecution@1de6932a]" name="createNewAccountBtn" duration-ms="469" started-at="2020-09-20T15:43:44 EET" finished-at="2020-09-20T15:43:45 EET">
          <reporter-output>
          </reporter-output>
        </test-method> <!-- createNewAccountBtn -->
        <test-method status="PASS" signature="fillNewUserData()[pri:4, instance:test.TestExecution@1de6932a]" name="fillNewUserData" duration-ms="7590" started-at="2020-09-20T15:43:45 EET" finished-at="2020-09-20T15:43:53 EET">
          <reporter-output>
          </reporter-output>
        </test-method> <!-- fillNewUserData -->
        <test-method status="PASS" signature="clickOnSignOutBtn()[pri:5, instance:test.TestExecution@1de6932a]" name="clickOnSignOutBtn" duration-ms="2972" started-at="2020-09-20T15:43:53 EET" finished-at="2020-09-20T15:43:55 EET">
          <reporter-output>
          </reporter-output>
        </test-method> <!-- clickOnSignOutBtn -->
        <test-method status="PASS" signature="userLogin()[pri:6, instance:test.TestExecution@1de6932a]" name="userLogin" duration-ms="2273" started-at="2020-09-20T15:43:55 EET" depends-on-methods="test.TestExecution.fillNewUserData" finished-at="2020-09-20T15:43:58 EET">
          <reporter-output>
          </reporter-output>
        </test-method> <!-- userLogin -->
        <test-method status="PASS" signature="tearDown()[pri:0, instance:test.TestExecution@1de6932a]" name="tearDown" is-config="true" duration-ms="2576" started-at="2020-09-20T15:43:58 EET" finished-at="2020-09-20T15:44:00 EET">
          <reporter-output>
          </reporter-output>
        </test-method> <!-- tearDown -->
      </class> <!-- test.TestExecution -->
    </test> <!-- Default test -->
  </suite> <!-- Default suite -->
</testng-results>
